kotlin version: 2.3.20
error message: java.lang.OutOfMemoryError: GC overhead limit exceeded
	at org.jetbrains.kotlin.ir.backend.js.lower.serialization.ir.AbstractJsManglerIr.getMangleComputer(JsMangler.kt:29)
	at org.jetbrains.kotlin.backend.common.serialization.mangle.ir.IrBasedKotlinManglerImpl.signatureString(IrBasedKotlinManglerImpl.kt:18)
	at org.jetbrains.kotlin.backend.common.serialization.mangle.ir.IrBasedKotlinManglerImpl.signatureString(IrBasedKotlinManglerImpl.kt:14)
	at org.jetbrains.kotlin.backend.common.serialization.signature.IdSignatureBuilder.setHashIdAndDescriptionFor(IdSignatureBuilder.kt:70)
	at org.jetbrains.kotlin.backend.common.serialization.signature.PublicIdSignatureComputer$PublicIdSigBuilder$visitor$1.visitSimpleFunction(IdSignatureComputers.kt:96)
	at org.jetbrains.kotlin.ir.visitors.IrVisitorVoid.visitSimpleFunction(IrVisitorVoid.kt:140)
	at org.jetbrains.kotlin.ir.visitors.IrVisitorVoid.visitSimpleFunction(IrVisitorVoid.kt:18)
	at org.jetbrains.kotlin.ir.declarations.IrSimpleFunction.accept(IrSimpleFunction.kt:39)
	at org.jetbrains.kotlin.ir.visitors.IrVisitorsKt.acceptVoid(IrVisitors.kt:11)
	at org.jetbrains.kotlin.backend.common.serialization.signature.PublicIdSignatureComputer$PublicIdSigBuilder.accept(IdSignatureComputers.kt:170)
	at org.jetbrains.kotlin.backend.common.serialization.signature.PublicIdSignatureComputer$PublicIdSigBuilder.accept(IdSignatureComputers.kt:59)
	at org.jetbrains.kotlin.backend.common.serialization.signature.IdSignatureBuilder.buildSignature(IdSignatureBuilder.kt:183)
	at org.jetbrains.kotlin.backend.common.serialization.signature.PublicIdSignatureComputer.computePublicIdSignature(IdSignatureComputers.kt:35)
	at org.jetbrains.kotlin.backend.common.serialization.GlobalDeclarationTable.computeSignatureByDeclaration(DeclarationTable.kt:45)
	at org.jetbrains.kotlin.backend.common.serialization.DeclarationTable.signatureByDeclaration(DeclarationTable.kt:78)
	at org.jetbrains.kotlin.backend.common.overrides.IrLinkerFakeOverrideBuilderStrategy.composeSignature(FakeOverrides.kt:192)
	at org.jetbrains.kotlin.backend.common.overrides.IrLinkerFakeOverrideBuilderStrategy.computeFunctionFakeOverrideSymbol(FakeOverrides.kt:200)
	at org.jetbrains.kotlin.backend.common.overrides.IrLinkerFakeOverrideBuilderStrategy.linkFunctionFakeOverride(FakeOverrides.kt:93)
	at org.jetbrains.kotlin.backend.common.overrides.IrLinkerFakeOverrideBuilderStrategy.linkPropertyFakeOverride(FakeOverrides.kt:174)
	at org.jetbrains.kotlin.ir.overrides.FakeOverrideBuilderStrategy.linkFakeOverride(FakeOverrideBuilderStrategy.kt:85)
	at org.jetbrains.kotlin.ir.overrides.IrFakeOverrideBuilder.createAndBindFakeOverride(IrFakeOverrideBuilder.kt:371)
	at org.jetbrains.kotlin.ir.overrides.IrFakeOverrideBuilder.createAndBindFakeOverrides(IrFakeOverrideBuilder.kt:271)
	at org.jetbrains.kotlin.ir.overrides.IrFakeOverrideBuilder.generateOverridesInFunctionGroup(IrFakeOverrideBuilder.kt:200)
	at org.jetbrains.kotlin.ir.overrides.IrFakeOverrideBuilder.buildFakeOverridesForClassImpl(IrFakeOverrideBuilder.kt:124)
	at org.jetbrains.kotlin.ir.overrides.IrFakeOverrideBuilder.buildFakeOverridesForClass$lambda$0(IrFakeOverrideBuilder.kt:70)
	at org.jetbrains.kotlin.ir.overrides.IrFakeOverrideBuilder$$Lambda$1125/0x0000797bc38c1c18.invoke(Unknown Source)
	at org.jetbrains.kotlin.backend.common.serialization.signature.PublicIdSignatureComputer.inFile(IdSignatureComputers.kt:43)
	at org.jetbrains.kotlin.backend.common.serialization.DeclarationTable.inFile(DeclarationTable.kt:65)
	at org.jetbrains.kotlin.backend.common.overrides.IrLinkerFakeOverrideBuilderStrategy.inFile(FakeOverrides.kt:90)
	at org.jetbrains.kotlin.ir.overrides.IrFakeOverrideBuilder.buildFakeOverridesForClass(IrFakeOverrideBuilder.kt:65)
	at org.jetbrains.kotlin.backend.common.overrides.IrLinkerFakeOverrideProvider.buildFakeOverrideChainsForClass(FakeOverrides.kt:345)
	at org.jetbrains.kotlin.backend.common.overrides.IrLinkerFakeOverrideProvider.provideFakeOverrides(FakeOverrides.kt:351)


