kotlin version: 2.3.20
error message: java.lang.OutOfMemoryError: Java heap space
	at java.base/java.io.InputStream.readNBytes(InputStream.java:445)
	at java.base/java.io.InputStream.readAllBytes(InputStream.java:346)
	at jdk.zipfs/jdk.nio.zipfs.ZipFileSystem.newByteChannel(ZipFileSystem.java:977)
	at jdk.zipfs/jdk.nio.zipfs.ZipPath.newByteChannel(ZipPath.java:864)
	at jdk.zipfs/jdk.nio.zipfs.ZipFileSystemProvider.newByteChannel(ZipFileSystemProvider.java:238)
	at java.base/java.nio.file.Files.newByteChannel(Files.java:380)
	at java.base/java.nio.file.Files.newByteChannel(Files.java:432)
	at java.base/java.nio.file.Files.readAllBytes(Files.java:3288)
	at org.jetbrains.kotlin.konan.file.File.readBytes(File.kt:148)
	at org.jetbrains.kotlin.library.impl.KlibIrComponentImpl$bodies$2$invoke$$inlined$IrMultiArrayReader$1$1.invoke(lowLevelReaders.kt:46)
	at org.jetbrains.kotlin.library.impl.KlibIrComponentImpl$bodies$2$invoke$$inlined$IrMultiArrayReader$1$1.invoke(lowLevelReaders.kt:46)
	at org.jetbrains.kotlin.library.KlibLayoutReader$FromZipArchive$readInPlace$1.invoke(KlibLayoutReader.kt:65)
	at org.jetbrains.kotlin.library.KlibLayoutReader$FromZipArchive$readInPlace$1.invoke(KlibLayoutReader.kt:64)
	at org.jetbrains.kotlin.konan.file.ZipFileSystemCacheableAccessor.withZipFileSystem(ZipFileSystemAccessor.kt:36)
	at org.jetbrains.kotlin.cli.common.DisposableZipFileSystemAccessor.withZipFileSystem(klibArguments.kt)
	at org.jetbrains.kotlin.library.KlibLayoutReader$FromZipArchive.readInPlace(KlibLayoutReader.kt:64)
	at org.jetbrains.kotlin.library.impl.KlibIrComponentImpl$bodies$2$invoke$$inlined$IrMultiArrayReader$1.invoke(lowLevelReaders.kt:46)
	at org.jetbrains.kotlin.library.impl.KlibIrComponentImpl$bodies$2$invoke$$inlined$IrMultiArrayReader$1.invoke(lowLevelReaders.kt:46)
	at org.jetbrains.kotlin.library.impl.ReadBuffer$OnDemandMemoryBuffer.ensureBuffer(ReadBuffer.kt:100)
	at org.jetbrains.kotlin.library.impl.ReadBuffer$OnDemandMemoryBuffer.setPosition(ReadBuffer.kt:78)
	at org.jetbrains.kotlin.library.impl.LowLevelReadersKt.readTableItemBytes(lowLevelReaders.kt:200)
	at org.jetbrains.kotlin.library.impl.LowLevelReadersKt.readTableItemBytes(lowLevelReaders.kt:179)
	at org.jetbrains.kotlin.library.impl.LowLevelReadersKt.access$readTableItemBytes(lowLevelReaders.kt:1)
	at org.jetbrains.kotlin.library.impl.IrMultiArrayReader.tableItemBytes(lowLevelReaders.kt:54)
	at org.jetbrains.kotlin.library.impl.KlibIrComponentImpl.body(KlibIrComponentImpl.kt:62)
	at org.jetbrains.kotlin.backend.common.serialization.IrKlibBytesSource.body(IrFileDeserializer.kt:244)
	at org.jetbrains.kotlin.backend.common.serialization.IrLibraryFileFromBytes.statementBody(IrFileDeserializer.kt:227)
	at org.jetbrains.kotlin.backend.common.serialization.IrDeclarationDeserializer.loadStatementBodyProto(IrDeclarationDeserializer.kt:478)
	at org.jetbrains.kotlin.backend.common.serialization.IrDeclarationDeserializer.deserializeStatementBody(IrDeclarationDeserializer.kt:496)
	at org.jetbrains.kotlin.backend.common.serialization.IrDeclarationDeserializer$withDeserializedIrFunctionBase$1$1$1$1.invoke(IrDeclarationDeserializer.kt:532)
	at org.jetbrains.kotlin.backend.common.serialization.IrDeclarationDeserializer$withDeserializedIrFunctionBase$1$1$1$1.invoke(IrDeclarationDeserializer.kt:516)
	at org.jetbrains.kotlin.backend.common.serialization.IrDeclarationDeserializer.withBodyGuard(IrDeclarationDeserializer.kt:459)


